c:\users\adela\documents\github\castlevania\castlevania\x64\debug\castelvania.pch
c:\users\adela\documents\github\castlevania\castlevania\x64\debug\vc143.pdb
c:\users\adela\documents\github\castlevania\castlevania\x64\debug\vc143.idb
c:\users\adela\documents\github\castlevania\castlevania\x64\debug\animatedsprite.obj
c:\users\adela\documents\github\castlevania\castlevania\x64\debug\basicsprite.obj
c:\users\adela\documents\github\castlevania\castlevania\x64\debug\camera.obj
c:\users\adela\documents\github\castlevania\castlevania\x64\debug\leveltransition.obj
c:\users\adela\documents\github\castlevania\castlevania\x64\debug\player.obj
c:\users\adela\documents\github\castlevania\castlevania\x64\debug\game.obj
c:\users\adela\documents\github\castlevania\castlevania\x64\debug\level.obj
c:\users\adela\documents\github\castlevania\castlevania\x64\debug\main.obj
c:\users\adela\documents\github\castlevania\castlevania\x64\debug\pch.obj
c:\users\adela\documents\github\castlevania\castlevania\x64\debug\powerup.obj
c:\users\adela\documents\github\castlevania\castlevania\x64\debug\powerupmanager.obj
c:\users\adela\documents\github\castlevania\castlevania\x64\debug\soundmanager.obj
c:\users\adela\documents\github\castlevania\castlevania\x64\debug\statue.obj
c:\users\adela\documents\github\castlevania\castlevania\x64\debug\statuemanager.obj
c:\users\adela\documents\github\castlevania\castlevania\x64\debug\ui.obj
c:\users\adela\documents\github\castlevania\x64\debug\castelvania.exe
c:\users\adela\documents\github\castlevania\castlevania\x64\debug\castelvania.ilk
c:\users\adela\documents\github\castlevania\x64\debug\castelvania.pdb
c:\users\adela\documents\github\castlevania\castlevania\x64\debug\castelvania.tlog\cl.command.1.tlog
c:\users\adela\documents\github\castlevania\castlevania\x64\debug\castelvania.tlog\cl.read.1.tlog
c:\users\adela\documents\github\castlevania\castlevania\x64\debug\castelvania.tlog\cl.write.1.tlog
c:\users\adela\documents\github\castlevania\castlevania\x64\debug\castelvania.tlog\link.command.1.tlog
c:\users\adela\documents\github\castlevania\castlevania\x64\debug\castelvania.tlog\link.read.1.tlog
c:\users\adela\documents\github\castlevania\castlevania\x64\debug\castelvania.tlog\link.write.1.tlog
